<?xml version="1.0" encoding="UTF-8"?>
<!-- Generated by org.testng.reporters.JUnitReportReporter -->
<testsuite hostname="Adminisrator-PC" failures="0" tests="1" name="Class34.Demo1" time="65.055" errors="0" timestamp="02 Mar 2022 02:43:45 GMT" skipped="0">
  <testcase classname="Class34.Demo1" name="testA" time="65.055"/>
</testsuite> <!-- Class34.Demo1 -->
