<?xml version="1.0" encoding="UTF-8"?>
<!-- Generated by org.testng.reporters.JUnitReportReporter -->
<testsuite hostname="Adminisrator-PC" failures="0" tests="1" name="Script.Test3" time="18.662" errors="0" timestamp="04 Mar 2022 02:44:49 GMT" skipped="0">
  <testcase classname="Script.Test3" name="testA" time="18.662"/>
</testsuite> <!-- Script.Test3 -->
